<?xml version="1.0" encoding="UTF-8" standalone="yes"?><!DOCTYPE report PUBLIC "-//JACOCO//DTD Report 1.1//EN" "report.dtd"><report name="coverage"><sessioninfo id="dilhasha-2.local-9fbd88c8" start="1615449983228" dump="1615449984150"/><package name="single-module-codecov"><class name="single-module-codecov/single_module_codecov" sourcefilename="single_module_codecov"><method name="&lt;init&gt;" desc="()V"><counter type="INSTRUCTION" missed="3" covered="0"/><counter type="COMPLEXITY" missed="1" covered="0"/><counter type="METHOD" missed="1" covered="0"/></method><method name="$gen$$0046$0060testinit$0062" desc="(Lio/ballerina/runtime/internal/scheduling/Strand;)Ljava/lang/Object;" line="2"><counter type="INSTRUCTION" missed="63" covered="46"/><counter type="BRANCH" missed="8" covered="4"/><counter type="LINE" missed="0" covered="1"/><counter type="COMPLEXITY" missed="8" covered="1"/><counter type="METHOD" missed="0" covered="1"/></method><method name="$gen$$0046$0060teststart$0062" desc="(Lio/ballerina/runtime/internal/scheduling/Strand;)Ljava/lang/Object;" line="2"><counter type="INSTRUCTION" missed="45" covered="23"/><counter type="BRANCH" missed="6" covered="3"/><counter type="LINE" missed="0" covered="1"/><counter type="COMPLEXITY" missed="6" covered="1"/><counter type="METHOD" missed="0" covered="1"/></method><method name="$gen$$0046$0060teststop$0062" desc="(Lio/ballerina/runtime/internal/scheduling/Strand;)Ljava/lang/Object;" line="2"><counter type="INSTRUCTION" missed="45" covered="23"/><counter type="BRANCH" missed="6" covered="3"/><counter type="LINE" missed="0" covered="1"/><counter type="COMPLEXITY" missed="6" covered="1"/><counter type="METHOD" missed="0" covered="1"/></method><counter type="INSTRUCTION" missed="156" covered="92"/><counter type="BRANCH" missed="20" covered="10"/><counter type="LINE" missed="0" covered="1"/><counter type="COMPLEXITY" missed="21" covered="3"/><counter type="METHOD" missed="1" covered="3"/><counter type="CLASS" missed="0" covered="1"/></class><class name="single-module-codecov/add" sourcefilename="add.bal"><method name="&lt;init&gt;" desc="()V"><counter type="INSTRUCTION" missed="3" covered="0"/><counter type="COMPLEXITY" missed="1" covered="0"/><counter type="METHOD" missed="1" covered="0"/></method><method name="intAdd" desc="(Lio/ballerina/runtime/internal/scheduling/Strand;JZJZ)J" line="23"><counter type="INSTRUCTION" missed="69" covered="25"/><counter type="BRANCH" missed="6" covered="3"/><counter type="LINE" missed="0" covered="1"/><counter type="COMPLEXITY" missed="6" covered="1"/><counter type="METHOD" missed="0" covered="1"/></method><method name="divideInt" desc="(Lio/ballerina/runtime/internal/scheduling/Strand;)Ljava/lang/Object;" line="31"><counter type="INSTRUCTION" missed="263" covered="0"/><counter type="BRANCH" missed="19" covered="0"/><counter type="LINE" missed="7" covered="0"/><counter type="COMPLEXITY" missed="14" covered="0"/><counter type="METHOD" missed="1" covered="0"/></method><counter type="INSTRUCTION" missed="335" covered="25"/><counter type="BRANCH" missed="25" covered="3"/><counter type="LINE" missed="7" covered="1"/><counter type="COMPLEXITY" missed="21" covered="1"/><counter type="METHOD" missed="2" covered="1"/><counter type="CLASS" missed="0" covered="1"/></class><sourcefile name="add.bal"><line nr="23" mi="0" ci="78" mb="0" cb="0"/><line nr="31" mi="2" ci="0" mb="0" cb="0"/><line nr="32" mi="2" ci="0" mb="0" cb="0"/><line nr="34" mi="15" ci="0" mb="4" cb="0"/><line nr="35" mi="49" ci="0" mb="2" cb="0"/><line nr="37" mi="29" ci="0" mb="0" cb="0"/><line nr="38" mi="1" ci="0" mb="0" cb="0"/><line nr="39" mi="125" ci="0" mb="0" cb="0"/><counter type="INSTRUCTION" missed="335" covered="25"/><counter type="BRANCH" missed="25" covered="3"/><counter type="LINE" missed="7" covered="1"/><counter type="COMPLEXITY" missed="21" covered="1"/><counter type="METHOD" missed="2" covered="1"/><counter type="CLASS" missed="0" covered="1"/></sourcefile><counter type="INSTRUCTION" missed="335" covered="25"/><counter type="BRANCH" missed="25" covered="3"/><counter type="LINE" missed="7" covered="1"/><counter type="COMPLEXITY" missed="21" covered="1"/><counter type="METHOD" missed="2" covered="1"/><counter type="CLASS" missed="0" covered="1"/></package><package name="codecoverage_report/single_module_codecov/0_1_0"><class name="codecoverage_report/single_module_codecov/0_1_0/$ConfigurationMapper"><method name="$configureInit" desc="(Ljava/nio/file/Path;)V"><counter type="INSTRUCTION" missed="110" covered="138"/><counter type="BRANCH" missed="24" covered="24"/><counter type="COMPLEXITY" missed="24" covered="1"/><counter type="METHOD" missed="0" covered="1"/></method><method name="$initAndPopulateConfigData" desc="()[Lio/ballerina/runtime/internal/configurable/VariableKey;"><counter type="INSTRUCTION" missed="0" covered="6"/><counter type="COMPLEXITY" missed="0" covered="1"/><counter type="METHOD" missed="0" covered="1"/></method><counter type="INSTRUCTION" missed="110" covered="144"/><counter type="BRANCH" missed="24" covered="24"/><counter type="COMPLEXITY" missed="24" covered="2"/><counter type="METHOD" missed="0" covered="2"/><counter type="CLASS" missed="0" covered="1"/></class><class name="codecoverage_report/single_module_codecov/0_1_0/$_string_constants"><method name="$string_init0" desc="()V"><counter type="INSTRUCTION" missed="0" covered="16"/><counter type="COMPLEXITY" missed="0" covered="1"/><counter type="METHOD" missed="0" covered="1"/></method><method name="&lt;clinit&gt;" desc="()V"><counter type="INSTRUCTION" missed="0" covered="2"/><counter type="COMPLEXITY" missed="0" covered="1"/><counter type="METHOD" missed="0" covered="1"/></method><counter type="INSTRUCTION" missed="0" covered="18"/><counter type="COMPLEXITY" missed="0" covered="2"/><counter type="METHOD" missed="0" covered="2"/><counter type="CLASS" missed="0" covered="1"/></class><sourcefile name="single_module_codecov"><line nr="2" mi="147" ci="33" mb="0" cb="0"/><counter type="INSTRUCTION" missed="156" covered="92"/><counter type="BRANCH" missed="20" covered="10"/><counter type="LINE" missed="0" covered="1"/><counter type="COMPLEXITY" missed="21" covered="3"/><counter type="METHOD" missed="1" covered="3"/><counter type="CLASS" missed="0" covered="1"/></sourcefile><counter type="INSTRUCTION" missed="266" covered="254"/><counter type="BRANCH" missed="44" covered="34"/><counter type="LINE" missed="0" covered="1"/><counter type="COMPLEXITY" missed="45" covered="7"/><counter type="METHOD" missed="1" covered="7"/><counter type="CLASS" missed="0" covered="3"/></package><counter type="INSTRUCTION" missed="601" covered="279"/><counter type="BRANCH" missed="69" covered="37"/><counter type="LINE" missed="7" covered="2"/><counter type="COMPLEXITY" missed="66" covered="8"/><counter type="METHOD" missed="3" covered="8"/><counter type="CLASS" missed="0" covered="4"/></report>